#
# A fatal error has been detected by the Java Runtime Environment:
#
#  Internal Error (t:/workspace/open/src/hotspot/share/oops/generateOopMap.cpp:2164), pid=21972, tid=12560
#  fatal error: Illegal class file encountered. Try running with -Xverify:all in method main
#
# JRE version: Java(TM) SE Runtime Environment (11.0.4+10) (build 11.0.4+10-LTS)
# Java VM: Java HotSpot(TM) 64-Bit Server VM (11.0.4+10-LTS, mixed mode, tiered, compressed oops, g1 gc, windows-amd64)
# No core dump will be written. Minidumps are not enabled by default on client versions of Windows
#
# If you would like to submit a bug report, please visit:
#   http://bugreport.java.com/bugreport/crash.jsp
#

---------------  S U M M A R Y ------------

Command Line: -agentlib:jdwp=transport=dt_socket,suspend=y,address=localhost:62611 -javaagent:C:\eclipse\configuration\org.eclipse.osgi\412\0\.cp\lib\javaagent-shaded.jar -Dfile.encoding=Cp1252 maze.Main

Host: Intel(R) Core(TM) i5-8250U CPU @ 1.60GHz, 8 cores, 7G,  Windows 10 , 64 bit Build 17763 (10.0.17763.1158)
Time: Sat Jun 27 18:32:10 2020 Hora oficial do Brasil elapsed time: 555 seconds (0d 0h 9m 15s)

---------------  T H R E A D  ---------------

Current thread (0x00000242c4111000):  VMThread "VM Thread" [stack: 0x000000ab76f00000,0x000000ab77000000] [id=12560]

Stack: [0x000000ab76f00000,0x000000ab77000000]
[error occurred during error reporting (printing stack bounds), id 0xc0000005, EXCEPTION_ACCESS_VIOLATION (0xc0000005) at pc=0x00000242ad8e0bad]

Native frames: (J=compiled Java code, j=interpreted, Vv=VM code, C=native code)
V  [jvm.dll+0x635bda]
V  [jvm.dll+0x77360f]
V  [jvm.dll+0x774cba]
V  [jvm.dll+0x7752d5]
V  [jvm.dll+0x77528b]
V  [jvm.dll+0x6352e6]
V  [jvm.dll+0x6356a8]
C  [ntdll.dll+0xa479f]
C  [ntdll.dll+0x4bef]
C  [ntdll.dll+0xa350e]
C  0x00000242ad8e0bad

VM_Operation (0x000000ab778ff630): GetOrSetLocal, mode: safepoint, requested by thread 0x00000242c51ec800


---------------  P R O C E S S  ---------------

Threads class SMR info:
_java_thread_list=0x00000242c4d4b400, length=13, elements={
0x00000242a5598800, 0x00000242c4139000, 0x00000242c4142800, 0x00000242c4151000,
0x00000242c4152000, 0x00000242c4154000, 0x00000242c4a7d000, 0x00000242c4a7e800,
0x00000242c40cf800, 0x00000242c51ec800, 0x00000242c4d54000, 0x00000242c4d55000,
0x00000242c4d68800
}

Java Threads: ( => current thread )
  0x00000242a5598800 JavaThread "main" [_thread_blocked, id=23768, stack(0x000000ab76900000,0x000000ab76a00000)]
  0x00000242c4139000 JavaThread "Reference Handler" daemon [_thread_blocked, id=904, stack(0x000000ab77000000,0x000000ab77100000)]
  0x00000242c4142800 JavaThread "Finalizer" daemon [_thread_blocked, id=22116, stack(0x000000ab77100000,0x000000ab77200000)]
  0x00000242c4151000 JavaThread "Signal Dispatcher" daemon [_thread_blocked, id=14472, stack(0x000000ab77200000,0x000000ab77300000)]
  0x00000242c4152000 JavaThread "Attach Listener" daemon [_thread_blocked, id=17780, stack(0x000000ab77300000,0x000000ab77400000)]
  0x00000242c4154000 JavaThread "C2 CompilerThread0" daemon [_thread_blocked, id=11376, stack(0x000000ab77400000,0x000000ab77500000)]
  0x00000242c4a7d000 JavaThread "C1 CompilerThread0" daemon [_thread_blocked, id=4792, stack(0x000000ab77500000,0x000000ab77600000)]
  0x00000242c4a7e800 JavaThread "Sweeper thread" daemon [_thread_blocked, id=5852, stack(0x000000ab77600000,0x000000ab77700000)]
  0x00000242c40cf800 JavaThread "Common-Cleaner" daemon [_thread_blocked, id=2216, stack(0x000000ab77700000,0x000000ab77800000)]
  0x00000242c51ec800 JavaThread "JDWP Transport Listener: dt_socket" daemon [_thread_blocked, id=20128, stack(0x000000ab77800000,0x000000ab77900000)] _threads_hazard_ptr=0x00000242c4d4b400
  0x00000242c4d54000 JavaThread "JDWP Event Helper Thread" daemon [_thread_blocked, id=4904, stack(0x000000ab77900000,0x000000ab77a00000)]
  0x00000242c4d55000 JavaThread "JDWP Command Reader" daemon [_thread_in_native, id=19184, stack(0x000000ab77a00000,0x000000ab77b00000)]
  0x00000242c4d68800 JavaThread "Service Thread" daemon [_thread_blocked, id=17904, stack(0x000000ab77b00000,0x000000ab77c00000)]

Other Threads:
=>0x00000242c4111000 VMThread "VM Thread" [stack: 0x000000ab76f00000,0x000000ab77000000] [id=12560]
  0x00000242c4d69800 WatcherThread [stack: 0x000000ab77c00000,0x000000ab77d00000] [id=17572]
  0x00000242a55b1800 GCTaskThread "GC Thread#0" [stack: 0x000000ab76a00000,0x000000ab76b00000] [id=18796]
  0x00000242c53c6000 GCTaskThread "GC Thread#1" [stack: 0x000000ab77f00000,0x000000ab78000000] [id=3700]
  0x00000242c5454000 GCTaskThread "GC Thread#2" [stack: 0x000000ab78000000,0x000000ab78100000] [id=12428]
  0x00000242a55e2000 ConcurrentGCThread "G1 Main Marker" [stack: 0x000000ab76b00000,0x000000ab76c00000] [id=13532]
  0x00000242a55e4800 ConcurrentGCThread "G1 Conc#0" [stack: 0x000000ab76c00000,0x000000ab76d00000] [id=8832]
  0x00000242c3f80800 ConcurrentGCThread "G1 Refine#0" [stack: 0x000000ab76d00000,0x000000ab76e00000] [id=18172]
  0x00000242c3f81000 ConcurrentGCThread "G1 Young RemSet Sampling" [stack: 0x000000ab76e00000,0x000000ab76f00000] [id=17644]

Threads with active compile tasks:

VM state:at safepoint (normal execution)

VM Mutex/Monitor currently owned by a thread:  ([mutex/lock_event])
[0x00000242a55970a0] Threads_lock - owner thread: 0x00000242c4111000

Heap address: 0x0000000082000000, size: 2016 MB, Compressed Oops mode: 32-bit
Narrow klass base: 0x0000000000000000, Narrow klass shift: 3
Compressed class space size: 1073741824 Address: 0x0000000100000000

Heap:
 garbage-first heap   total 129024K, used 5341K [0x0000000082000000, 0x0000000100000000)
  region size 1024K, 7 young (7168K), 2 survivors (2048K)
 Metaspace       used 8991K, capacity 9122K, committed 9344K, reserved 1058816K
  class space    used 779K, capacity 802K, committed 896K, reserved 1048576K
Heap Regions: E=young(eden), S=young(survivor), O=old, HS=humongous(starts), HC=humongous(continues), CS=collection set, F=free, A=archive, TAMS=top-at-mark-start (previous, next)
|   0|0x0000000082000000, 0x0000000082000000, 0x0000000082100000|  0%| F|  |TAMS 0x0000000082000000, 0x0000000082000000| Untracked 
|   1|0x0000000082100000, 0x0000000082100000, 0x0000000082200000|  0%| F|  |TAMS 0x0000000082100000, 0x0000000082100000| Untracked 
|   2|0x0000000082200000, 0x0000000082200000, 0x0000000082300000|  0%| F|  |TAMS 0x0000000082200000, 0x0000000082200000| Untracked 
|   3|0x0000000082300000, 0x0000000082300000, 0x0000000082400000|  0%| F|  |TAMS 0x0000000082300000, 0x0000000082300000| Untracked 
|   4|0x0000000082400000, 0x0000000082400000, 0x0000000082500000|  0%| F|  |TAMS 0x0000000082400000, 0x0000000082400000| Untracked 
|   5|0x0000000082500000, 0x0000000082500000, 0x0000000082600000|  0%| F|  |TAMS 0x0000000082500000, 0x0000000082500000| Untracked 
|   6|0x0000000082600000, 0x0000000082600000, 0x0000000082700000|  0%| F|  |TAMS 0x0000000082600000, 0x0000000082600000| Untracked 
|   7|0x0000000082700000, 0x0000000082700000, 0x0000000082800000|  0%| F|  |TAMS 0x0000000082700000, 0x0000000082700000| Untracked 
|   8|0x0000000082800000, 0x0000000082800000, 0x0000000082900000|  0%| F|  |TAMS 0x0000000082800000, 0x0000000082800000| Untracked 
|   9|0x0000000082900000, 0x0000000082900000, 0x0000000082a00000|  0%| F|  |TAMS 0x0000000082900000, 0x0000000082900000| Untracked 
|  10|0x0000000082a00000, 0x0000000082a00000, 0x0000000082b00000|  0%| F|  |TAMS 0x0000000082a00000, 0x0000000082a00000| Untracked 
|  11|0x0000000082b00000, 0x0000000082b00000, 0x0000000082c00000|  0%| F|  |TAMS 0x0000000082b00000, 0x0000000082b00000| Untracked 
|  12|0x0000000082c00000, 0x0000000082c00000, 0x0000000082d00000|  0%| F|  |TAMS 0x0000000082c00000, 0x0000000082c00000| Untracked 
|  13|0x0000000082d00000, 0x0000000082d00000, 0x0000000082e00000|  0%| F|  |TAMS 0x0000000082d00000, 0x0000000082d00000| Untracked 
|  14|0x0000000082e00000, 0x0000000082e00000, 0x0000000082f00000|  0%| F|  |TAMS 0x0000000082e00000, 0x0000000082e00000| Untracked 
|  15|0x0000000082f00000, 0x0000000082f00000, 0x0000000083000000|  0%| F|  |TAMS 0x0000000082f00000, 0x0000000082f00000| Untracked 
|  16|0x0000000083000000, 0x0000000083000000, 0x0000000083100000|  0%| F|  |TAMS 0x0000000083000000, 0x0000000083000000| Untracked 
|  17|0x0000000083100000, 0x0000000083100000, 0x0000000083200000|  0%| F|  |TAMS 0x0000000083100000, 0x0000000083100000| Untracked 
|  18|0x0000000083200000, 0x0000000083200000, 0x0000000083300000|  0%| F|  |TAMS 0x0000000083200000, 0x0000000083200000| Untracked 
|  19|0x0000000083300000, 0x0000000083300000, 0x0000000083400000|  0%| F|  |TAMS 0x0000000083300000, 0x0000000083300000| Untracked 
|  20|0x0000000083400000, 0x0000000083400000, 0x0000000083500000|  0%| F|  |TAMS 0x0000000083400000, 0x0000000083400000| Untracked 
|  21|0x0000000083500000, 0x0000000083500000, 0x0000000083600000|  0%| F|  |TAMS 0x0000000083500000, 0x0000000083500000| Untracked 
|  22|0x0000000083600000, 0x0000000083600000, 0x0000000083700000|  0%| F|  |TAMS 0x0000000083600000, 0x0000000083600000| Untracked 
|  23|0x0000000083700000, 0x0000000083700000, 0x0000000083800000|  0%| F|  |TAMS 0x0000000083700000, 0x0000000083700000| Untracked 
|  24|0x0000000083800000, 0x0000000083800000, 0x0000000083900000|  0%| F|  |TAMS 0x0000000083800000, 0x0000000083800000| Untracked 
|  25|0x0000000083900000, 0x0000000083900000, 0x0000000083a00000|  0%| F|  |TAMS 0x0000000083900000, 0x0000000083900000| Untracked 
|  26|0x0000000083a00000, 0x0000000083a00000, 0x0000000083b00000|  0%| F|  |TAMS 0x0000000083a00000, 0x0000000083a00000| Untracked 
|  27|0x0000000083b00000, 0x0000000083b00000, 0x0000000083c00000|  0%| F|  |TAMS 0x0000000083b00000, 0x0000000083b00000| Untracked 
|  28|0x0000000083c00000, 0x0000000083c00000, 0x0000000083d00000|  0%| F|  |TAMS 0x0000000083c00000, 0x0000000083c00000| Untracked 
|  29|0x0000000083d00000, 0x0000000083d00000, 0x0000000083e00000|  0%| F|  |TAMS 0x0000000083d00000, 0x0000000083d00000| Untracked 
|  30|0x0000000083e00000, 0x0000000083e00000, 0x0000000083f00000|  0%| F|  |TAMS 0x0000000083e00000, 0x0000000083e00000| Untracked 
|  31|0x0000000083f00000, 0x0000000083f00000, 0x0000000084000000|  0%| F|  |TAMS 0x0000000083f00000, 0x0000000083f00000| Untracked 
|  32|0x0000000084000000, 0x0000000084000000, 0x0000000084100000|  0%| F|  |TAMS 0x0000000084000000, 0x0000000084000000| Untracked 
|  33|0x0000000084100000, 0x0000000084100000, 0x0000000084200000|  0%| F|  |TAMS 0x0000000084100000, 0x0000000084100000| Untracked 
|  34|0x0000000084200000, 0x0000000084200000, 0x0000000084300000|  0%| F|  |TAMS 0x0000000084200000, 0x0000000084200000| Untracked 
|  35|0x0000000084300000, 0x0000000084300000, 0x0000000084400000|  0%| F|  |TAMS 0x0000000084300000, 0x0000000084300000| Untracked 
|  36|0x0000000084400000, 0x0000000084400000, 0x0000000084500000|  0%| F|  |TAMS 0x0000000084400000, 0x0000000084400000| Untracked 
|  37|0x0000000084500000, 0x0000000084500000, 0x0000000084600000|  0%| F|  |TAMS 0x0000000084500000, 0x0000000084500000| Untracked 
|  38|0x0000000084600000, 0x0000000084600000, 0x0000000084700000|  0%| F|  |TAMS 0x0000000084600000, 0x0000000084600000| Untracked 
|  39|0x0000000084700000, 0x0000000084700000, 0x0000000084800000|  0%| F|  |TAMS 0x0000000084700000, 0x0000000084700000| Untracked 
|  40|0x0000000084800000, 0x0000000084800000, 0x0000000084900000|  0%| F|  |TAMS 0x0000000084800000, 0x0000000084800000| Untracked 
|  41|0x0000000084900000, 0x0000000084900000, 0x0000000084a00000|  0%| F|  |TAMS 0x0000000084900000, 0x0000000084900000| Untracked 
|  42|0x0000000084a00000, 0x0000000084a00000, 0x0000000084b00000|  0%| F|  |TAMS 0x0000000084a00000, 0x0000000084a00000| Untracked 
|  43|0x0000000084b00000, 0x0000000084b00000, 0x0000000084c00000|  0%| F|  |TAMS 0x0000000084b00000, 0x0000000084b00000| Untracked 
|  44|0x0000000084c00000, 0x0000000084c00000, 0x0000000084d00000|  0%| F|  |TAMS 0x0000000084c00000, 0x0000000084c00000| Untracked 
|  45|0x0000000084d00000, 0x0000000084d00000, 0x0000000084e00000|  0%| F|  |TAMS 0x0000000084d00000, 0x0000000084d00000| Untracked 
|  46|0x0000000084e00000, 0x0000000084e00000, 0x0000000084f00000|  0%| F|  |TAMS 0x0000000084e00000, 0x0000000084e00000| Untracked 
|  47|0x0000000084f00000, 0x0000000084f00000, 0x0000000085000000|  0%| F|  |TAMS 0x0000000084f00000, 0x0000000084f00000| Untracked 
|  48|0x0000000085000000, 0x0000000085000000, 0x0000000085100000|  0%| F|  |TAMS 0x0000000085000000, 0x0000000085000000| Untracked 
|  49|0x0000000085100000, 0x0000000085100000, 0x0000000085200000|  0%| F|  |TAMS 0x0000000085100000, 0x0000000085100000| Untracked 
|  50|0x0000000085200000, 0x0000000085200000, 0x0000000085300000|  0%| F|  |TAMS 0x0000000085200000, 0x0000000085200000| Untracked 
|  51|0x0000000085300000, 0x0000000085300000, 0x0000000085400000|  0%| F|  |TAMS 0x0000000085300000, 0x0000000085300000| Untracked 
|  52|0x0000000085400000, 0x0000000085400000, 0x0000000085500000|  0%| F|  |TAMS 0x0000000085400000, 0x0000000085400000| Untracked 
|  53|0x0000000085500000, 0x0000000085500000, 0x0000000085600000|  0%| F|  |TAMS 0x0000000085500000, 0x0000000085500000| Untracked 
|  54|0x0000000085600000, 0x0000000085600000, 0x0000000085700000|  0%| F|  |TAMS 0x0000000085600000, 0x0000000085600000| Untracked 
|  55|0x0000000085700000, 0x0000000085700000, 0x0000000085800000|  0%| F|  |TAMS 0x0000000085700000, 0x0000000085700000| Untracked 
|  56|0x0000000085800000, 0x0000000085800000, 0x0000000085900000|  0%| F|  |TAMS 0x0000000085800000, 0x0000000085800000| Untracked 
|  57|0x0000000085900000, 0x0000000085900000, 0x0000000085a00000|  0%| F|  |TAMS 0x0000000085900000, 0x0000000085900000| Untracked 
|  58|0x0000000085a00000, 0x0000000085a00000, 0x0000000085b00000|  0%| F|  |TAMS 0x0000000085a00000, 0x0000000085a00000| Untracked 
|  59|0x0000000085b00000, 0x0000000085b00000, 0x0000000085c00000|  0%| F|  |TAMS 0x0000000085b00000, 0x0000000085b00000| Untracked 
|  60|0x0000000085c00000, 0x0000000085c00000, 0x0000000085d00000|  0%| F|  |TAMS 0x0000000085c00000, 0x0000000085c00000| Untracked 
|  61|0x0000000085d00000, 0x0000000085d00000, 0x0000000085e00000|  0%| F|  |TAMS 0x0000000085d00000, 0x0000000085d00000| Untracked 
|  62|0x0000000085e00000, 0x0000000085e00000, 0x0000000085f00000|  0%| F|  |TAMS 0x0000000085e00000, 0x0000000085e00000| Untracked 
|  63|0x0000000085f00000, 0x0000000085f00000, 0x0000000086000000|  0%| F|  |TAMS 0x0000000085f00000, 0x0000000085f00000| Untracked 
|  64|0x0000000086000000, 0x0000000086000000, 0x0000000086100000|  0%| F|  |TAMS 0x0000000086000000, 0x0000000086000000| Untracked 
|  65|0x0000000086100000, 0x0000000086100000, 0x0000000086200000|  0%| F|  |TAMS 0x0000000086100000, 0x0000000086100000| Untracked 
|  66|0x0000000086200000, 0x0000000086200000, 0x0000000086300000|  0%| F|  |TAMS 0x0000000086200000, 0x0000000086200000| Untracked 
|  67|0x0000000086300000, 0x0000000086300000, 0x0000000086400000|  0%| F|  |TAMS 0x0000000086300000, 0x0000000086300000| Untracked 
|  68|0x0000000086400000, 0x0000000086400000, 0x0000000086500000|  0%| F|  |TAMS 0x0000000086400000, 0x0000000086400000| Untracked 
|  69|0x0000000086500000, 0x0000000086500000, 0x0000000086600000|  0%| F|  |TAMS 0x0000000086500000, 0x0000000086500000| Untracked 
|  70|0x0000000086600000, 0x0000000086600000, 0x0000000086700000|  0%| F|  |TAMS 0x0000000086600000, 0x0000000086600000| Untracked 
|  71|0x0000000086700000, 0x0000000086700000, 0x0000000086800000|  0%| F|  |TAMS 0x0000000086700000, 0x0000000086700000| Untracked 
|  72|0x0000000086800000, 0x0000000086800000, 0x0000000086900000|  0%| F|  |TAMS 0x0000000086800000, 0x0000000086800000| Untracked 
|  73|0x0000000086900000, 0x0000000086900000, 0x0000000086a00000|  0%| F|  |TAMS 0x0000000086900000, 0x0000000086900000| Untracked 
|  74|0x0000000086a00000, 0x0000000086a00000, 0x0000000086b00000|  0%| F|  |TAMS 0x0000000086a00000, 0x0000000086a00000| Untracked 
|  75|0x0000000086b00000, 0x0000000086b00000, 0x0000000086c00000|  0%| F|  |TAMS 0x0000000086b00000, 0x0000000086b00000| Untracked 
|  76|0x0000000086c00000, 0x0000000086c00000, 0x0000000086d00000|  0%| F|  |TAMS 0x0000000086c00000, 0x0000000086c00000| Untracked 
|  77|0x0000000086d00000, 0x0000000086d00000, 0x0000000086e00000|  0%| F|  |TAMS 0x0000000086d00000, 0x0000000086d00000| Untracked 
|  78|0x0000000086e00000, 0x0000000086e00000, 0x0000000086f00000|  0%| F|  |TAMS 0x0000000086e00000, 0x0000000086e00000| Untracked 
|  79|0x0000000086f00000, 0x0000000086f00000, 0x0000000087000000|  0%| F|  |TAMS 0x0000000086f00000, 0x0000000086f00000| Untracked 
|  80|0x0000000087000000, 0x0000000087000000, 0x0000000087100000|  0%| F|  |TAMS 0x0000000087000000, 0x0000000087000000| Untracked 
|  81|0x0000000087100000, 0x0000000087100000, 0x0000000087200000|  0%| F|  |TAMS 0x0000000087100000, 0x0000000087100000| Untracked 
|  82|0x0000000087200000, 0x0000000087200000, 0x0000000087300000|  0%| F|  |TAMS 0x0000000087200000, 0x0000000087200000| Untracked 
|  83|0x0000000087300000, 0x0000000087300000, 0x0000000087400000|  0%| F|  |TAMS 0x0000000087300000, 0x0000000087300000| Untracked 
|  84|0x0000000087400000, 0x0000000087400000, 0x0000000087500000|  0%| F|  |TAMS 0x0000000087400000, 0x0000000087400000| Untracked 
|  85|0x0000000087500000, 0x0000000087500000, 0x0000000087600000|  0%| F|  |TAMS 0x0000000087500000, 0x0000000087500000| Untracked 
|  86|0x0000000087600000, 0x0000000087600000, 0x0000000087700000|  0%| F|  |TAMS 0x0000000087600000, 0x0000000087600000| Untracked 
|  87|0x0000000087700000, 0x0000000087700000, 0x0000000087800000|  0%| F|  |TAMS 0x0000000087700000, 0x0000000087700000| Untracked 
|  88|0x0000000087800000, 0x0000000087800000, 0x0000000087900000|  0%| F|  |TAMS 0x0000000087800000, 0x0000000087800000| Untracked 
|  89|0x0000000087900000, 0x0000000087900000, 0x0000000087a00000|  0%| F|  |TAMS 0x0000000087900000, 0x0000000087900000| Untracked 
|  90|0x0000000087a00000, 0x0000000087a00000, 0x0000000087b00000|  0%| F|  |TAMS 0x0000000087a00000, 0x0000000087a00000| Untracked 
|  91|0x0000000087b00000, 0x0000000087b00000, 0x0000000087c00000|  0%| F|  |TAMS 0x0000000087b00000, 0x0000000087b00000| Untracked 
|  92|0x0000000087c00000, 0x0000000087c00000, 0x0000000087d00000|  0%| F|  |TAMS 0x0000000087c00000, 0x0000000087c00000| Untracked 
|  93|0x0000000087d00000, 0x0000000087d00000, 0x0000000087e00000|  0%| F|  |TAMS 0x0000000087d00000, 0x0000000087d00000| Untracked 
|  94|0x0000000087e00000, 0x0000000087e00000, 0x0000000087f00000|  0%| F|  |TAMS 0x0000000087e00000, 0x0000000087e00000| Untracked 
|  95|0x0000000087f00000, 0x0000000087f00000, 0x0000000088000000|  0%| F|  |TAMS 0x0000000087f00000, 0x0000000087f00000| Untracked 
|  96|0x0000000088000000, 0x0000000088000000, 0x0000000088100000|  0%| F|  |TAMS 0x0000000088000000, 0x0000000088000000| Untracked 
|  97|0x0000000088100000, 0x0000000088100000, 0x0000000088200000|  0%| F|  |TAMS 0x0000000088100000, 0x0000000088100000| Untracked 
|  98|0x0000000088200000, 0x0000000088200000, 0x0000000088300000|  0%| F|  |TAMS 0x0000000088200000, 0x0000000088200000| Untracked 
|  99|0x0000000088300000, 0x0000000088300000, 0x0000000088400000|  0%| F|  |TAMS 0x0000000088300000, 0x0000000088300000| Untracked 
| 100|0x0000000088400000, 0x0000000088437530, 0x0000000088500000| 21%| S|CS|TAMS 0x0000000088400000, 0x0000000088400000| Complete 
| 101|0x0000000088500000, 0x0000000088600000, 0x0000000088600000|100%| S|CS|TAMS 0x0000000088500000, 0x0000000088500000| Complete 
| 102|0x0000000088600000, 0x0000000088600000, 0x0000000088700000|  0%| F|  |TAMS 0x0000000088600000, 0x0000000088600000| Untracked 
| 103|0x0000000088700000, 0x0000000088700000, 0x0000000088800000|  0%| F|  |TAMS 0x0000000088700000, 0x0000000088700000| Untracked 
| 104|0x0000000088800000, 0x0000000088800000, 0x0000000088900000|  0%| F|  |TAMS 0x0000000088800000, 0x0000000088800000| Untracked 
| 105|0x0000000088900000, 0x0000000088900000, 0x0000000088a00000|  0%| F|  |TAMS 0x0000000088900000, 0x0000000088900000| Untracked 
| 106|0x0000000088a00000, 0x0000000088a00000, 0x0000000088b00000|  0%| F|  |TAMS 0x0000000088a00000, 0x0000000088a00000| Untracked 
| 107|0x0000000088b00000, 0x0000000088b00000, 0x0000000088c00000|  0%| F|  |TAMS 0x0000000088b00000, 0x0000000088b00000| Untracked 
| 108|0x0000000088c00000, 0x0000000088c00000, 0x0000000088d00000|  0%| F|  |TAMS 0x0000000088c00000, 0x0000000088c00000| Untracked 
| 109|0x0000000088d00000, 0x0000000088d00000, 0x0000000088e00000|  0%| F|  |TAMS 0x0000000088d00000, 0x0000000088d00000| Untracked 
| 110|0x0000000088e00000, 0x0000000088e00000, 0x0000000088f00000|  0%| F|  |TAMS 0x0000000088e00000, 0x0000000088e00000| Untracked 
| 111|0x0000000088f00000, 0x0000000088f00000, 0x0000000089000000|  0%| F|  |TAMS 0x0000000088f00000, 0x0000000088f00000| Untracked 
| 112|0x0000000089000000, 0x0000000089000000, 0x0000000089100000|  0%| F|  |TAMS 0x0000000089000000, 0x0000000089000000| Untracked 
| 113|0x0000000089100000, 0x0000000089100000, 0x0000000089200000|  0%| F|  |TAMS 0x0000000089100000, 0x0000000089100000| Untracked 
| 114|0x0000000089200000, 0x0000000089200000, 0x0000000089300000|  0%| F|  |TAMS 0x0000000089200000, 0x0000000089200000| Untracked 
| 115|0x0000000089300000, 0x0000000089300000, 0x0000000089400000|  0%| F|  |TAMS 0x0000000089300000, 0x0000000089300000| Untracked 
| 116|0x0000000089400000, 0x0000000089400000, 0x0000000089500000|  0%| F|  |TAMS 0x0000000089400000, 0x0000000089400000| Untracked 
| 117|0x0000000089500000, 0x0000000089500000, 0x0000000089600000|  0%| F|  |TAMS 0x0000000089500000, 0x0000000089500000| Untracked 
| 118|0x0000000089600000, 0x0000000089600000, 0x0000000089700000|  0%| F|  |TAMS 0x0000000089600000, 0x0000000089600000| Untracked 
| 119|0x0000000089700000, 0x0000000089700000, 0x0000000089800000|  0%| F|  |TAMS 0x0000000089700000, 0x0000000089700000| Untracked 
| 120|0x0000000089800000, 0x0000000089800000, 0x0000000089900000|  0%| F|  |TAMS 0x0000000089800000, 0x0000000089800000| Untracked 
| 121|0x0000000089900000, 0x0000000089980800, 0x0000000089a00000| 50%| E|  |TAMS 0x0000000089900000, 0x0000000089900000| Complete 
| 122|0x0000000089a00000, 0x0000000089b00000, 0x0000000089b00000|100%| E|CS|TAMS 0x0000000089a00000, 0x0000000089a00000| Complete 
| 123|0x0000000089b00000, 0x0000000089c00000, 0x0000000089c00000|100%| E|CS|TAMS 0x0000000089b00000, 0x0000000089b00000| Complete 
| 124|0x0000000089c00000, 0x0000000089d00000, 0x0000000089d00000|100%| E|CS|TAMS 0x0000000089c00000, 0x0000000089c00000| Complete 
| 125|0x0000000089d00000, 0x0000000089e00000, 0x0000000089e00000|100%| E|CS|TAMS 0x0000000089d00000, 0x0000000089d00000| Complete 

Card table byte_map: [0x00000242bd000000,0x00000242bd3f0000] _byte_map_base: 0x00000242bcbf0000

Marking Bits (Prev, Next): (CMBitMap*) 0x00000242a55d94f8, (CMBitMap*) 0x00000242a55d9530
 Prev Bits: [0x00000242bd7e0000, 0x00000242bf760000)
 Next Bits: [0x00000242bf760000, 0x00000242c16e0000)

Polling page: 0x00000242a34d0000

Metaspace:

Usage:
  Non-class:      8.13 MB capacity,     8.02 MB ( 99%) used,   100.67 KB (  1%) free+waste,     6.63 KB ( <1%) overhead. 
      Class:    802.00 KB capacity,   779.23 KB ( 97%) used,    20.34 KB (  3%) free+waste,     2.44 KB ( <1%) overhead. 
       Both:      8.91 MB capacity,     8.78 MB ( 99%) used,   121.01 KB (  1%) free+waste,     9.06 KB ( <1%) overhead. 

Virtual space:
  Non-class space:       10.00 MB reserved,       8.25 MB ( 83%) committed 
      Class space:        1.00 GB reserved,     896.00 KB ( <1%) committed 
             Both:        1.01 GB reserved,       9.13 MB ( <1%) committed 

Chunk freelists:
   Non-Class:  0 bytes
       Class:  3.75 KB
        Both:  3.75 KB

CodeHeap 'non-profiled nmethods': size=120000Kb used=188Kb max_used=188Kb free=119811Kb
 bounds [0x00000242b53b0000, 0x00000242b5620000, 0x00000242bc8e0000]
CodeHeap 'profiled nmethods': size=120000Kb used=665Kb max_used=677Kb free=119334Kb
 bounds [0x00000242ade80000, 0x00000242ae0f0000, 0x00000242b53b0000]
CodeHeap 'non-nmethods': size=5760Kb used=1150Kb max_used=1164Kb free=4610Kb
 bounds [0x00000242ad8e0000, 0x00000242adb50000, 0x00000242ade80000]
 total_blobs=978 nmethods=463 adapters=282
 compilation: enabled
              stopped_count=0, restarted_count=0
 full_count=0

Compilation events (10 events):
Event: 455.197 Thread 0x00000242c4a7d000  467       3       org.eclipse.jdt.launching.internal.org.objectweb.asm.ClassReader::createLabel (21 bytes)
Event: 455.197 Thread 0x00000242c4a7d000 nmethod 467 0x00000242adf26f90 code [0x00000242adf27180, 0x00000242adf27698]
Event: 459.697 Thread 0x00000242c4a7d000  468       3       org.eclipse.jdt.launching.internal.org.objectweb.asm.MethodWriter::visitLocalVariable (222 bytes)
Event: 459.698 Thread 0x00000242c4a7d000 nmethod 468 0x00000242adf27890 code [0x00000242adf27c00, 0x00000242adf28de0]
Event: 532.665 Thread 0x00000242c4154000  469       4       org.eclipse.jdt.launching.internal.org.objectweb.asm.ClassReader::readUtf (44 bytes)
Event: 532.667 Thread 0x00000242c4a7d000  471       1       org.eclipse.jdt.launching.internal.org.objectweb.asm.SymbolTable::getMajorVersion (5 bytes)
Event: 532.667 Thread 0x00000242c4a7d000 nmethod 471 0x00000242b53dd010 code [0x00000242b53dd1c0, 0x00000242b53dd2d8]
Event: 532.678 Thread 0x00000242c4154000 nmethod 469 0x00000242b53dd390 code [0x00000242b53dd560, 0x00000242b53ddf58]
Event: 532.678 Thread 0x00000242c4154000  470       4       org.eclipse.jdt.launching.internal.org.objectweb.asm.ClassReader::readUtf (161 bytes)
Event: 532.693 Thread 0x00000242c4154000 nmethod 470 0x00000242b53de510 code [0x00000242b53de6e0, 0x00000242b53ded98]

GC Heap History (2 events):
Event: 0.495 GC heap before
{Heap before GC invocations=0 (full 0):
 garbage-first heap   total 129024K, used 23552K [0x0000000082000000, 0x0000000100000000)
  region size 1024K, 24 young (24576K), 0 survivors (0K)
 Metaspace       used 8870K, capacity 8994K, committed 9088K, reserved 1056768K
  class space    used 773K, capacity 802K, committed 896K, reserved 1048576K
}
Event: 0.498 GC heap after
{Heap after GC invocations=1 (full 0):
 garbage-first heap   total 129024K, used 1245K [0x0000000082000000, 0x0000000100000000)
  region size 1024K, 2 young (2048K), 2 survivors (2048K)
 Metaspace       used 8870K, capacity 8994K, committed 9088K, reserved 1056768K
  class space    used 773K, capacity 802K, committed 896K, reserved 1048576K
}

Deoptimization events (1 events):
Event: 0.376 Thread 0x00000242a5598800 Uncommon trap: reason=unstable_if action=reinterpret pc=0x00000242b53bee78 method=java.lang.String.isLatin1()Z @ 10 c2

Classes redefined (9 events):
Event: 281.159 Thread 0x00000242c4111000 redefined class name=maze.Maze, count=1
Event: 293.020 Thread 0x00000242c4111000 redefined class name=maze.Maze, count=2
Event: 374.729 Thread 0x00000242c4111000 redefined class name=maze.Main, count=1
Event: 392.918 Thread 0x00000242c4111000 redefined class name=maze.Main, count=2
Event: 423.358 Thread 0x00000242c4111000 redefined class name=maze.Main, count=3
Event: 442.486 Thread 0x00000242c4111000 redefined class name=maze.Main, count=4
Event: 455.198 Thread 0x00000242c4111000 redefined class name=maze.Maze, count=3
Event: 459.700 Thread 0x00000242c4111000 redefined class name=maze.Maze, count=4
Event: 532.669 Thread 0x00000242c4111000 redefined class name=maze.Main, count=5

Internal exceptions (0 events):
No events

Events (10 events):
Event: 532.677 Thread 0x00000242c4a7e800 flushing nmethod 0x00000242ade89f10
Event: 532.677 Thread 0x00000242c4a7e800 flushing nmethod 0x00000242ade97690
Event: 532.677 Thread 0x00000242c4a7e800 flushing nmethod 0x00000242ade9d990
Event: 532.694 Executing VM operation: GetFrameCount
Event: 532.694 Executing VM operation: GetFrameCount done
Event: 532.694 Executing VM operation: GetOwnedMonitorInfo
Event: 532.694 Executing VM operation: GetOwnedMonitorInfo done
Event: 532.694 Executing VM operation: GetCurrentContendedMonitor
Event: 532.694 Executing VM operation: GetCurrentContendedMonitor done
Event: 555.637 Executing VM operation: GetOrSetLocal


Dynamic libraries:
0x00007ff709040000 - 0x00007ff709087000 	C:\Program Files\Java\jdk-11.0.4\bin\javaw.exe
0x00007ffbcc660000 - 0x00007ffbcc84d000 	C:\Windows\SYSTEM32\ntdll.dll
0x00007ffbcc040000 - 0x00007ffbcc0f3000 	C:\Windows\System32\KERNEL32.DLL
0x00007ffbc8cf0000 - 0x00007ffbc8f85000 	C:\Windows\System32\KERNELBASE.dll
0x00007ffbcb990000 - 0x00007ffbcba33000 	C:\Windows\System32\ADVAPI32.dll
0x00007ffbc9e30000 - 0x00007ffbc9ece000 	C:\Windows\System32\msvcrt.dll
0x00007ffbca220000 - 0x00007ffbca2be000 	C:\Windows\System32\sechost.dll
0x00007ffbcbed0000 - 0x00007ffbcbff2000 	C:\Windows\System32\RPCRT4.dll
0x00007ffbca2c0000 - 0x00007ffbca457000 	C:\Windows\System32\USER32.dll
0x00007ffbc8bd0000 - 0x00007ffbc8bf0000 	C:\Windows\System32\win32u.dll
0x00007ffbcc000000 - 0x00007ffbcc029000 	C:\Windows\System32\GDI32.dll
0x00007ffbc96e0000 - 0x00007ffbc9879000 	C:\Windows\System32\gdi32full.dll
0x00007ffbc89e0000 - 0x00007ffbc8a80000 	C:\Windows\System32\msvcp_win.dll
0x00007ffbc8bf0000 - 0x00007ffbc8cea000 	C:\Windows\System32\ucrtbase.dll
0x00007ffbbd1f0000 - 0x00007ffbbd469000 	C:\Windows\WinSxS\amd64_microsoft.windows.common-controls_6595b64144ccf1df_6.0.17763.1158_none_de722d88534a897f\COMCTL32.dll
0x00007ffbc4290000 - 0x00007ffbc429a000 	C:\Windows\SYSTEM32\VERSION.dll
0x00007ffbc9ef0000 - 0x00007ffbca21c000 	C:\Windows\System32\combase.dll
0x00007ffbc8b30000 - 0x00007ffbc8bae000 	C:\Windows\System32\bcryptPrimitives.dll
0x00007ffbca460000 - 0x00007ffbca48e000 	C:\Windows\System32\IMM32.DLL
0x00007ffbb3c50000 - 0x00007ffbb3c66000 	C:\Program Files\Java\jdk-11.0.4\bin\vcruntime140.dll
0x00007ffb8f720000 - 0x00007ffb8f7ca000 	C:\Program Files\Java\jdk-11.0.4\bin\msvcp140.dll
0x00007ffb6f4a0000 - 0x00007ffb6ffc7000 	C:\Program Files\Java\jdk-11.0.4\bin\server\jvm.dll
0x00007ffbcbec0000 - 0x00007ffbcbec8000 	C:\Windows\System32\PSAPI.DLL
0x00007ffbb4760000 - 0x00007ffbb4769000 	C:\Windows\SYSTEM32\WSOCK32.dll
0x00007ffbbd740000 - 0x00007ffbbd764000 	C:\Windows\SYSTEM32\WINMM.dll
0x00007ffbcbbc0000 - 0x00007ffbcbc2d000 	C:\Windows\System32\WS2_32.dll
0x00007ffbbd500000 - 0x00007ffbbd52d000 	C:\Windows\SYSTEM32\WINMMBASE.dll
0x00007ffbc8990000 - 0x00007ffbc89da000 	C:\Windows\System32\cfgmgr32.dll
0x00007ffbc8670000 - 0x00007ffbc8681000 	C:\Windows\System32\kernel.appcore.dll
0x00007ffbbbf40000 - 0x00007ffbbbf51000 	C:\Program Files\Java\jdk-11.0.4\bin\verify.dll
0x00007ffbc6fb0000 - 0x00007ffbc719d000 	C:\Windows\SYSTEM32\DBGHELP.DLL
0x00007ffbbf3a0000 - 0x00007ffbbf3ca000 	C:\Windows\SYSTEM32\dbgcore.DLL
0x00007ffbba630000 - 0x00007ffbba659000 	C:\Program Files\Java\jdk-11.0.4\bin\java.dll
0x00007ffbba1a0000 - 0x00007ffbba1d7000 	C:\Program Files\Java\jdk-11.0.4\bin\jdwp.dll
0x00007ffbb3c20000 - 0x00007ffbb3c4f000 	C:\Program Files\Java\jdk-11.0.4\bin\instrument.dll
0x00007ffbbbbc0000 - 0x00007ffbbbbd6000 	C:\Program Files\Java\jdk-11.0.4\bin\zip.dll
0x00007ffbc00c0000 - 0x00007ffbc00ca000 	C:\Program Files\Java\jdk-11.0.4\bin\jimage.dll
0x00007ffbca490000 - 0x00007ffbcb984000 	C:\Windows\System32\SHELL32.dll
0x00007ffbcc420000 - 0x00007ffbcc4c8000 	C:\Windows\System32\shcore.dll
0x00007ffbc8f90000 - 0x00007ffbc96dd000 	C:\Windows\System32\windows.storage.dll
0x00007ffbc86f0000 - 0x00007ffbc8714000 	C:\Windows\System32\profapi.dll
0x00007ffbc8690000 - 0x00007ffbc86ed000 	C:\Windows\System32\powrprof.dll
0x00007ffbcbab0000 - 0x00007ffbcbb02000 	C:\Windows\System32\shlwapi.dll
0x00007ffbc8bb0000 - 0x00007ffbc8bc7000 	C:\Windows\System32\cryptsp.dll
0x00007ffbc44d0000 - 0x00007ffbc44da000 	C:\Program Files\Java\jdk-11.0.4\bin\dt_socket.dll
0x00007ffbc7e70000 - 0x00007ffbc7ed7000 	C:\Windows\System32\mswsock.dll
0x00007ffbc7be0000 - 0x00007ffbc7ca7000 	C:\Windows\SYSTEM32\DNSAPI.dll
0x00007ffbcc030000 - 0x00007ffbcc038000 	C:\Windows\System32\NSI.dll
0x00007ffbc7ba0000 - 0x00007ffbc7bdd000 	C:\Windows\SYSTEM32\IPHLPAPI.DLL
0x00007ffbc4310000 - 0x00007ffbc4389000 	C:\Windows\System32\fwpuclnt.dll
0x00007ffbc8960000 - 0x00007ffbc8986000 	C:\Windows\System32\bcrypt.dll
0x00007ffbc40a0000 - 0x00007ffbc40aa000 	C:\Windows\System32\rasadhlp.dll
0x00007ffbbaff0000 - 0x00007ffbbb009000 	C:\Program Files\Java\jdk-11.0.4\bin\net.dll
0x00007ffbbb6f0000 - 0x00007ffbbb8c7000 	C:\Windows\SYSTEM32\urlmon.dll
0x00007ffbc3340000 - 0x00007ffbc3432000 	C:\Windows\SYSTEM32\WINHTTP.dll
0x00007ffbbde80000 - 0x00007ffbbe128000 	C:\Windows\SYSTEM32\iertutil.dll
0x00007ffbc7ff0000 - 0x00007ffbc7ffc000 	C:\Windows\SYSTEM32\CRYPTBASE.DLL
0x00007ffbb3f60000 - 0x00007ffbb3f73000 	C:\Program Files\Java\jdk-11.0.4\bin\nio.dll

dbghelp: loaded successfully - version: 4.0.5 - missing functions: none
symbol engine: initialized successfully - sym options: 0x614 - pdb path: .;C:\Program Files\Java\jdk-11.0.4\bin;C:\Windows\SYSTEM32;C:\Windows\WinSxS\amd64_microsoft.windows.common-controls_6595b64144ccf1df_6.0.17763.1158_none_de722d88534a897f;C:\Program Files\Java\jdk-11.0.4\bin\server

VM Arguments:
jvm_args: -agentlib:jdwp=transport=dt_socket,suspend=y,address=localhost:62611 -javaagent:C:\eclipse\configuration\org.eclipse.osgi\412\0\.cp\lib\javaagent-shaded.jar -Dfile.encoding=Cp1252 
java_command: maze.Main
java_class_path (initial): C:\Users\franco.pan\Documents\Documentos Franco\workspaceIA\maze\target\classes
Launcher Type: SUN_STANDARD

[Global flags]
     intx CICompilerCount                          = 4                                         {product} {ergonomic}
     uint ConcGCThreads                            = 2                                         {product} {ergonomic}
     uint G1ConcRefinementThreads                  = 8                                         {product} {ergonomic}
   size_t G1HeapRegionSize                         = 1048576                                   {product} {ergonomic}
    uintx GCDrainStackTargetSize                   = 64                                        {product} {ergonomic}
   size_t InitialHeapSize                          = 132120576                                 {product} {ergonomic}
   size_t MarkStackSize                            = 4194304                                   {product} {ergonomic}
   size_t MaxHeapSize                              = 2113929216                                {product} {ergonomic}
   size_t MaxNewSize                               = 1267728384                                {product} {ergonomic}
   size_t MinHeapDeltaBytes                        = 1048576                                   {product} {ergonomic}
    uintx NonNMethodCodeHeapSize                   = 5835340                                {pd product} {ergonomic}
    uintx NonProfiledCodeHeapSize                  = 122911450                              {pd product} {ergonomic}
    uintx ProfiledCodeHeapSize                     = 122911450                              {pd product} {ergonomic}
    uintx ReservedCodeCacheSize                    = 251658240                              {pd product} {ergonomic}
     bool SegmentedCodeCache                       = true                                      {product} {ergonomic}
     bool UseCompressedClassPointers               = true                                 {lp64_product} {ergonomic}
     bool UseCompressedOops                        = true                                 {lp64_product} {ergonomic}
     bool UseG1GC                                  = true                                      {product} {ergonomic}
     bool UseLargePagesIndividualAllocation        = false                                  {pd product} {ergonomic}

Logging:
Log output configuration:
 #0: stdout all=warning uptime,level,tags
 #1: stderr all=off uptime,level,tags

Environment Variables:
JAVA_HOME=C:\Program Files\Java\jdk-11.0.4
PATH=C:/Program Files/Java/jdk-11.0.4/bin/server;C:/Program Files/Java/jdk-11.0.4/bin;C:\Windows\system32;C:\Windows;C:\Windows\System32\Wbem;C:\Windows\System32\WindowsPowerShell\v1.0\;C:\Windows\System32\OpenSSH\;C:\apache-maven-3.6.2\bin;C:\Program Files\Java\jdk-11.0.4\bin;C:\Program Files\PuTTY\;C:\Program Files\Git\cmd;C:\Program Files\nodejs\;C:\flutter\bin;C:\codi;C:\Program Files\Docker\Docker\resources\bin;C:\ProgramData\DockerDesktop\version-bin;C:\Program Files\TortoiseSVN\bin;C:\Program Files\CMake\bin;C:\Users\franco.pan\AppData\Local\Microsoft\WindowsApps;;C:\Users\franco.pan\AppData\Local\Programs\Microsoft VS Code\bin;C:\Users\franco.pan\AppData\Roaming\npm;C:\Program Files (x86)\Sophos\Sophos SSL VPN Client\bin;C:\eclipse;
USERNAME=franco.pan
OS=Windows_NT
PROCESSOR_IDENTIFIER=Intel64 Family 6 Model 142 Stepping 10, GenuineIntel



---------------  S Y S T E M  ---------------

OS: Windows 10 , 64 bit Build 17763 (10.0.17763.1158)

CPU:total 8 (initial active 8) (4 cores per cpu, 2 threads per core) family 6 model 142 stepping 10, cmov, cx8, fxsr, mmx, sse, sse2, sse3, ssse3, sse4.1, sse4.2, popcnt, avx, avx2, aes, clmul, erms, 3dnowpref, lzcnt, ht, tsc, tscinvbit, bmi1, bmi2, adx, fma

Memory: 4k page, system-wide physical 8057M (2211M free)
TotalPageFile size 14474M (AvailPageFile size 5427M)
current process WorkingSet (physical memory assigned to process): 65M, peak: 70M
current process commit charge ("private bytes"): 208M, peak: 215M

vm_info: Java HotSpot(TM) 64-Bit Server VM (11.0.4+10-LTS) for windows-amd64 JRE (11.0.4+10-LTS), built on Jul  4 2019 16:28:13 by "mach5one" with MS VC++ 15.5 (VS2017)

END.
